Run 1:  Sat Sep 26 12:58:39 2020.  .
        Em version 14.52 (64-bit Windows) on LAPTOP-PA2DVPT4 local.

  Project:  C:\Users\botan\Documents\GitHub\KLayout-python\SonnetLab Matlab server\Sonnet_projects\matlab_proj.son.

    Frequency:  1 GHZ
      Frequency completed Sat Sep 26 12:59:35 2020.
      De-embedded S-Parameters. 50.0 Ohm Port Terminations.
      Magnitude/Angle. Touchstone Format. (S11 S21 S12 S22).
        1.00000000 1.845e-4 -86.87 1.000000 -1.848 1.000000 -1.848 1.845e-4 -96.83
        !< P1 F=1.0 Eeff=(6.23021343 0.0) Z0=(50.6080269 0.0) R=0.0 C=0.0080813 
        !< P2 F=1.0 Eeff=(6.23021343 0.0) Z0=(50.6080269 0.0) R=0.0 C=0.0080813 

    Frequency:  10 GHZ
      Frequency completed Sat Sep 26 13:00:24 2020.
      De-embedded S-Parameters. 50.0 Ohm Port Terminations.
      Magnitude/Angle. Touchstone Format. (S11 S21 S12 S22).
        10.0000000 0.002554 -69.76 0.999997 -18.49 0.999997 -18.49 0.002554 -147.2
        !< P1 F=10.0 Eeff=(6.23058109 0.0) Z0=(50.6061562 0.0) R=0.0 C=0.00808128 
        !< P2 F=10.0 Eeff=(6.23058109 0.0) Z0=(50.6061562 0.0) R=0.0 C=0.00808128 

    Frequency:  5.25 GHZ
      Frequency completed Sat Sep 26 13:01:17 2020.
      De-embedded S-Parameters. 50.0 Ohm Port Terminations.
      Magnitude/Angle. Touchstone Format. (S11 S21 S12 S22).
        5.25000000 0.001081 -75.62 0.999999 -9.704 0.999999 -9.704 0.001081 -123.8
        !< P1 F=5.25 Eeff=(6.23031593 0.0) Z0=(50.6075397 0.0) R=0.0 C=0.0080813 
        !< P2 F=5.25 Eeff=(6.23031593 0.0) Z0=(50.6075397 0.0) R=0.0 C=0.0080813 

    Frequency:  7.925 GHZ
      Frequency completed Sat Sep 26 13:02:21 2020.
      De-embedded S-Parameters. 50.0 Ohm Port Terminations.
      Magnitude/Angle. Touchstone Format. (S11 S21 S12 S22).
        7.92500000 0.001833 -71.43 0.999998 -14.65 0.999998 -14.65 0.001833 -137.9
        !< P1 F=7.925 Eeff=(6.23044493 0.0) Z0=(50.6068659 0.0) R=0.0 C=0.00808129 
        !< P2 F=7.925 Eeff=(6.23044493 0.0) Z0=(50.6068659 0.0) R=0.0 C=0.00808129 

    Frequency:  1.925 GHZ
      Frequency completed Sat Sep 26 13:03:18 2020.
      De-embedded S-Parameters. 50.0 Ohm Port Terminations.
      Magnitude/Angle. Touchstone Format. (S11 S21 S12 S22).
        1.92500000 3.595e-4 -84.06 1.000000 -3.558 1.000000 -3.558 3.595e-4 -103.1
        !< P1 F=1.925 Eeff=(6.23022749 0.0) Z0=(50.607992 0.0) R=0.0 C=0.0080813 
        !< P2 F=1.925 Eeff=(6.23022749 0.0) Z0=(50.607992 0.0) R=0.0 C=0.0080813 

    Frequency:  3.525 GHZ
      Frequency completed Sat Sep 26 13:04:20 2020.
      De-embedded S-Parameters. 50.0 Ohm Port Terminations.
      Magnitude/Angle. Touchstone Format. (S11 S21 S12 S22).
        3.52500000 6.836e-4 -79.61 1.000000 -6.516 1.000000 -6.516 6.836e-4 -113.4
        !< P1 F=3.525 Eeff=(6.23026035 0.0) Z0=(50.6078288 0.0) R=0.0 C=0.0080813 
        !< P2 F=3.525 Eeff=(6.23026035 0.0) Z0=(50.6078288 0.0) R=0.0 C=0.0080813 

Analysis completed Sat Sep 26 13:04:20 2020.
