Run 1:  Sat Sep 26 12:58:39 2020.  .
        Em version 14.52 (64-bit Windows) on LAPTOP-PA2DVPT4 local.

  Project:  C:\Users\botan\Documents\GitHub\KLayout-python\SonnetLab Matlab server\Sonnet_projects\matlab_proj.son.

    Frequency:  1 GHZ
      Subsectioning at 10 GHz with Eeff of 6.225.
      Subsectioning time:  7 seconds.
      De-embedding information for left box wall port(s):
        Left SOC Electric Wall: 300 microns length, 446 subsections, 8 MB.
        Left SOC Magnetic Wall: 600 microns length, 429 subsections, 8 MB.
      De-embedding information for right box wall port(s):
        Right SOC Electric Wall: 300 microns length, 446 subsections, 8 MB.
        Right SOC Magnetic Wall: 600 microns length, 429 subsections, 8 MB.
      Em license feature:  emhighperformance.
      Circuit requires 11374 subsections and 528 MB of memory.

      Subsections by level and type:
      Level 0:
        Staircase:  11374

      Required memory by type:
        System matrix:            493 MB
        Elemental subsections:
          Primary structure:      9 MB
          Left standard:          10 MB
          Right standard:         10 MB
        Fourier transform:        1 MB
        Waveguide mode:           1 MB
        Adaptive band synthesis:  2 MB
        Miscellaneous:            1 MB
        TOTAL REQUIRED MEMORY:    528 MB

      Matrix solver:  internal 64-bit SSE lossless.
      Simulation mode:  local machine.
      Threads:  using 8 thread(s), 8 core(s) available.
      Waveguide mode time:  0.019 seconds.
      Fourier transform time:  0.059 seconds.
      Coupling time:  21 seconds.
      Loss time:  0 seconds.
      Matrix fill time:  22 seconds.
      Matrix solve time:  25 seconds.
      De-embedding time for left box wall:
        SOC Electric Wall Std: 0.607 seconds.
        SOC Magnetic Wall Std: 0.524 seconds.
        Total:                 1 second.
      Total time per frequency:  49 seconds.

    Frequency:  10 GHZ
      ABS time:  0.121 seconds.

    Frequency:  5.25 GHZ
      ABS time:  0.136 seconds.

    Frequency:  7.925 GHZ
      Total time per frequency:  1 minute 4 seconds.
      ABS time:  0.165 seconds.

    Frequency:  1.925 GHZ
      ABS time:  0.192 seconds.

    Frequency:  3.525 GHZ
      Total time per frequency:  1 minute 1 second.
      ABS time:  0.274 seconds.

    Post-Analysis:
      Total time for 6 frequencies:  5 minutes 41 seconds.

Analysis completed Sat Sep 26 13:04:20 2020.
