Run 1:  Sat Sep 26 12:58:39 2020.  .
        Em version 14.52 (64-bit Windows) on LAPTOP-PA2DVPT4 local.

  Project:  C:\Users\botan\Documents\GitHub\KLayout-python\SonnetLab Matlab server\Sonnet_projects\matlab_proj.son.

    Frequency:  1 GHZ
      Subsectioning at 10 GHz with Eeff of 6.225.
      Subsectioning time:  7 seconds.
      De-embedding information for left box wall port(s):
        Left SOC Electric Wall: 300 microns length, 446 subsections, 8 MB.
        Left SOC Magnetic Wall: 600 microns length, 429 subsections, 8 MB.
      De-embedding information for right box wall port(s):
        Right SOC Electric Wall: 300 microns length, 446 subsections, 8 MB.
        Right SOC Magnetic Wall: 600 microns length, 429 subsections, 8 MB.
      Em license feature:  emhighperformance.
      Circuit requires 11374 subsections and 528 MB of memory.

      Subsections by level and type:
      Level 0:
        Staircase:  11374

      Required memory by type:
        System matrix:            493 MB
        Elemental subsections:
          Primary structure:      9 MB
          Left standard:          10 MB
          Right standard:         10 MB
        Fourier transform:        1 MB
        Waveguide mode:           1 MB
        Adaptive band synthesis:  2 MB
        Miscellaneous:            1 MB
        TOTAL REQUIRED MEMORY:    528 MB

      Matrix solver:  internal 64-bit SSE lossless.
      Simulation mode:  local machine.
      Threads:  using 8 thread(s), 8 core(s) available.
      Waveguide mode time:  0.019 seconds.
      Fourier transform time:  0.059 seconds.
      Coupling time:  21 seconds.
      Loss time:  0 seconds.
      Matrix fill time:  22 seconds.
      Matrix solve time:  25 seconds.
      De-embedding time for left box wall:
        SOC Electric Wall Std: 0.607 seconds.
        SOC Magnetic Wall Std: 0.524 seconds.
        Total:                 1 second.
      Frequency completed Sat Sep 26 12:59:35 2020.
      De-embedded S-Parameters. 50.0 Ohm Port Terminations.
      Magnitude/Angle. Touchstone Format. (S11 S21 S12 S22).
        1.00000000 1.845e-4 -86.87 1.000000 -1.848 1.000000 -1.848 1.845e-4 -96.83
        !< P1 F=1.0 Eeff=(6.23021343 0.0) Z0=(50.6080269 0.0) R=0.0 C=0.0080813 
        !< P2 F=1.0 Eeff=(6.23021343 0.0) Z0=(50.6080269 0.0) R=0.0 C=0.0080813 
      Total time per frequency:  49 seconds.

    Frequency:  10 GHZ
      Frequency completed Sat Sep 26 13:00:24 2020.
      De-embedded S-Parameters. 50.0 Ohm Port Terminations.
      Magnitude/Angle. Touchstone Format. (S11 S21 S12 S22).
        10.0000000 0.002554 -69.76 0.999997 -18.49 0.999997 -18.49 0.002554 -147.2
        !< P1 F=10.0 Eeff=(6.23058109 0.0) Z0=(50.6061562 0.0) R=0.0 C=0.00808128 
        !< P2 F=10.0 Eeff=(6.23058109 0.0) Z0=(50.6061562 0.0) R=0.0 C=0.00808128 
      ABS time:  0.121 seconds.

    Frequency:  5.25 GHZ
      Frequency completed Sat Sep 26 13:01:17 2020.
      De-embedded S-Parameters. 50.0 Ohm Port Terminations.
      Magnitude/Angle. Touchstone Format. (S11 S21 S12 S22).
        5.25000000 0.001081 -75.62 0.999999 -9.704 0.999999 -9.704 0.001081 -123.8
        !< P1 F=5.25 Eeff=(6.23031593 0.0) Z0=(50.6075397 0.0) R=0.0 C=0.0080813 
        !< P2 F=5.25 Eeff=(6.23031593 0.0) Z0=(50.6075397 0.0) R=0.0 C=0.0080813 
      ABS time:  0.136 seconds.

    Frequency:  7.925 GHZ
      Frequency completed Sat Sep 26 13:02:21 2020.
      De-embedded S-Parameters. 50.0 Ohm Port Terminations.
      Magnitude/Angle. Touchstone Format. (S11 S21 S12 S22).
        7.92500000 0.001833 -71.43 0.999998 -14.65 0.999998 -14.65 0.001833 -137.9
        !< P1 F=7.925 Eeff=(6.23044493 0.0) Z0=(50.6068659 0.0) R=0.0 C=0.00808129 
        !< P2 F=7.925 Eeff=(6.23044493 0.0) Z0=(50.6068659 0.0) R=0.0 C=0.00808129 
      Total time per frequency:  1 minute 4 seconds.
      ABS time:  0.165 seconds.

    Frequency:  1.925 GHZ
      Frequency completed Sat Sep 26 13:03:18 2020.
      De-embedded S-Parameters. 50.0 Ohm Port Terminations.
      Magnitude/Angle. Touchstone Format. (S11 S21 S12 S22).
        1.92500000 3.595e-4 -84.06 1.000000 -3.558 1.000000 -3.558 3.595e-4 -103.1
        !< P1 F=1.925 Eeff=(6.23022749 0.0) Z0=(50.607992 0.0) R=0.0 C=0.0080813 
        !< P2 F=1.925 Eeff=(6.23022749 0.0) Z0=(50.607992 0.0) R=0.0 C=0.0080813 
      ABS time:  0.192 seconds.

    Frequency:  3.525 GHZ
      Frequency completed Sat Sep 26 13:04:20 2020.
      De-embedded S-Parameters. 50.0 Ohm Port Terminations.
      Magnitude/Angle. Touchstone Format. (S11 S21 S12 S22).
        3.52500000 6.836e-4 -79.61 1.000000 -6.516 1.000000 -6.516 6.836e-4 -113.4
        !< P1 F=3.525 Eeff=(6.23026035 0.0) Z0=(50.6078288 0.0) R=0.0 C=0.0080813 
        !< P2 F=3.525 Eeff=(6.23026035 0.0) Z0=(50.6078288 0.0) R=0.0 C=0.0080813 
      Total time per frequency:  1 minute 1 second.
      ABS time:  0.274 seconds.

    Post-Analysis:
      Total time for 6 frequencies:  5 minutes 41 seconds.
      Errors detected: 0    Warnings detected: 0.

Analysis completed Sat Sep 26 13:04:20 2020.
